<?xml version="1.0" encoding="UTF-8"?>
<testsuite xmlns:xsi="http://www.w3.org/2001/XMLSchema-instance" xsi:noNamespaceSchemaLocation="https://maven.apache.org/surefire/maven-surefire-plugin/xsd/surefire-test-report-3.0.xsd" version="3.0" name="TestSuite" time="37.154" tests="1" errors="0" skipped="0" failures="0">
  <properties>
    <property name="surefire.suiteXmlFiles" value="testNG.xml"/>
    <property name="java.specification.version" value="17"/>
    <property name="sun.jnu.encoding" value="UTF-8"/>
    <property name="java.class.path" value="/Users/mithunroy/IdeaProjects/comtestrestAssuredSL/target/test-classes:/Users/mithunroy/IdeaProjects/comtestrestAssuredSL/target/classes:/Users/mithunroy/.m2/repository/io/rest-assured/rest-assured/5.3.0/rest-assured-5.3.0.jar:/Users/mithunroy/.m2/repository/org/apache/groovy/groovy/4.0.6/groovy-4.0.6.jar:/Users/mithunroy/.m2/repository/org/apache/groovy/groovy-xml/4.0.6/groovy-xml-4.0.6.jar:/Users/mithunroy/.m2/repository/org/apache/httpcomponents/httpclient/4.5.13/httpclient-4.5.13.jar:/Users/mithunroy/.m2/repository/org/apache/httpcomponents/httpcore/4.4.13/httpcore-4.4.13.jar:/Users/mithunroy/.m2/repository/commons-logging/commons-logging/1.2/commons-logging-1.2.jar:/Users/mithunroy/.m2/repository/commons-codec/commons-codec/1.11/commons-codec-1.11.jar:/Users/mithunroy/.m2/repository/org/apache/httpcomponents/httpmime/4.5.13/httpmime-4.5.13.jar:/Users/mithunroy/.m2/repository/org/hamcrest/hamcrest/2.1/hamcrest-2.1.jar:/Users/mithunroy/.m2/repository/org/ccil/cowan/tagsoup/tagsoup/1.2.1/tagsoup-1.2.1.jar:/Users/mithunroy/.m2/repository/io/rest-assured/json-path/5.3.0/json-path-5.3.0.jar:/Users/mithunroy/.m2/repository/org/apache/groovy/groovy-json/4.0.6/groovy-json-4.0.6.jar:/Users/mithunroy/.m2/repository/io/rest-assured/rest-assured-common/5.3.0/rest-assured-common-5.3.0.jar:/Users/mithunroy/.m2/repository/io/rest-assured/xml-path/5.3.0/xml-path-5.3.0.jar:/Users/mithunroy/.m2/repository/org/apache/commons/commons-lang3/3.11/commons-lang3-3.11.jar:/Users/mithunroy/.m2/repository/junit/junit/4.13.1/junit-4.13.1.jar:/Users/mithunroy/.m2/repository/org/hamcrest/hamcrest-core/1.3/hamcrest-core-1.3.jar:/Users/mithunroy/.m2/repository/org/testng/testng/7.1.0/testng-7.1.0.jar:/Users/mithunroy/.m2/repository/com/beust/jcommander/1.72/jcommander-1.72.jar:/Users/mithunroy/.m2/repository/com/google/inject/guice/4.1.0/guice-4.1.0-no_aop.jar:/Users/mithunroy/.m2/repository/javax/inject/javax.inject/1/javax.inject-1.jar:/Users/mithunroy/.m2/repository/aopalliance/aopalliance/1.0/aopalliance-1.0.jar:/Users/mithunroy/.m2/repository/com/google/guava/guava/19.0/guava-19.0.jar:/Users/mithunroy/.m2/repository/org/yaml/snakeyaml/1.21/snakeyaml-1.21.jar:/Users/mithunroy/.m2/repository/org/hamcrest/hamcrest-all/1.3/hamcrest-all-1.3.jar:/Users/mithunroy/.m2/repository/log4j/log4j/1.2.17/log4j-1.2.17.jar:/Users/mithunroy/.m2/repository/com/aventstack/extentreports/5.0.9/extentreports-5.0.9.jar:/Users/mithunroy/.m2/repository/io/reactivex/rxjava3/rxjava/3.0.4/rxjava-3.0.4.jar:/Users/mithunroy/.m2/repository/org/reactivestreams/reactive-streams/1.0.3/reactive-streams-1.0.3.jar:/Users/mithunroy/.m2/repository/org/freemarker/freemarker/2.3.30/freemarker-2.3.30.jar:/Users/mithunroy/.m2/repository/com/google/code/gson/gson/2.8.6/gson-2.8.6.jar:/Users/mithunroy/.m2/repository/org/projectlombok/lombok/1.18.26/lombok-1.18.26.jar:/Users/mithunroy/.m2/repository/com/googlecode/json-simple/json-simple/1.1/json-simple-1.1.jar:"/>
    <property name="java.vm.vendor" value="Oracle Corporation"/>
    <property name="sun.arch.data.model" value="64"/>
    <property name="java.vendor.url" value="https://java.oracle.com/"/>
    <property name="user.timezone" value="Asia/Kolkata"/>
    <property name="os.name" value="Mac OS X"/>
    <property name="java.vm.specification.version" value="17"/>
    <property name="sun.java.launcher" value="SUN_STANDARD"/>
    <property name="user.country" value="US"/>
    <property name="sun.boot.library.path" value="/Library/Java/JavaVirtualMachines/jdk-17.0.3.1.jdk/Contents/Home/lib"/>
    <property name="sun.java.command" value="/Users/mithunroy/IdeaProjects/comtestrestAssuredSL/target/surefire/surefirebooter12629278233850054167.jar /Users/mithunroy/IdeaProjects/comtestrestAssuredSL/target/surefire 2023-06-20T11-45-17_236-jvmRun1 surefire2892489005100203649tmp surefire_016132495132304392028tmp"/>
    <property name="http.nonProxyHosts" value="local|*.local|169.254/16|*.169.254/16"/>
    <property name="jdk.debug" value="release"/>
    <property name="surefire.test.class.path" value="/Users/mithunroy/IdeaProjects/comtestrestAssuredSL/target/test-classes:/Users/mithunroy/IdeaProjects/comtestrestAssuredSL/target/classes:/Users/mithunroy/.m2/repository/io/rest-assured/rest-assured/5.3.0/rest-assured-5.3.0.jar:/Users/mithunroy/.m2/repository/org/apache/groovy/groovy/4.0.6/groovy-4.0.6.jar:/Users/mithunroy/.m2/repository/org/apache/groovy/groovy-xml/4.0.6/groovy-xml-4.0.6.jar:/Users/mithunroy/.m2/repository/org/apache/httpcomponents/httpclient/4.5.13/httpclient-4.5.13.jar:/Users/mithunroy/.m2/repository/org/apache/httpcomponents/httpcore/4.4.13/httpcore-4.4.13.jar:/Users/mithunroy/.m2/repository/commons-logging/commons-logging/1.2/commons-logging-1.2.jar:/Users/mithunroy/.m2/repository/commons-codec/commons-codec/1.11/commons-codec-1.11.jar:/Users/mithunroy/.m2/repository/org/apache/httpcomponents/httpmime/4.5.13/httpmime-4.5.13.jar:/Users/mithunroy/.m2/repository/org/hamcrest/hamcrest/2.1/hamcrest-2.1.jar:/Users/mithunroy/.m2/repository/org/ccil/cowan/tagsoup/tagsoup/1.2.1/tagsoup-1.2.1.jar:/Users/mithunroy/.m2/repository/io/rest-assured/json-path/5.3.0/json-path-5.3.0.jar:/Users/mithunroy/.m2/repository/org/apache/groovy/groovy-json/4.0.6/groovy-json-4.0.6.jar:/Users/mithunroy/.m2/repository/io/rest-assured/rest-assured-common/5.3.0/rest-assured-common-5.3.0.jar:/Users/mithunroy/.m2/repository/io/rest-assured/xml-path/5.3.0/xml-path-5.3.0.jar:/Users/mithunroy/.m2/repository/org/apache/commons/commons-lang3/3.11/commons-lang3-3.11.jar:/Users/mithunroy/.m2/repository/junit/junit/4.13.1/junit-4.13.1.jar:/Users/mithunroy/.m2/repository/org/hamcrest/hamcrest-core/1.3/hamcrest-core-1.3.jar:/Users/mithunroy/.m2/repository/org/testng/testng/7.1.0/testng-7.1.0.jar:/Users/mithunroy/.m2/repository/com/beust/jcommander/1.72/jcommander-1.72.jar:/Users/mithunroy/.m2/repository/com/google/inject/guice/4.1.0/guice-4.1.0-no_aop.jar:/Users/mithunroy/.m2/repository/javax/inject/javax.inject/1/javax.inject-1.jar:/Users/mithunroy/.m2/repository/aopalliance/aopalliance/1.0/aopalliance-1.0.jar:/Users/mithunroy/.m2/repository/com/google/guava/guava/19.0/guava-19.0.jar:/Users/mithunroy/.m2/repository/org/yaml/snakeyaml/1.21/snakeyaml-1.21.jar:/Users/mithunroy/.m2/repository/org/hamcrest/hamcrest-all/1.3/hamcrest-all-1.3.jar:/Users/mithunroy/.m2/repository/log4j/log4j/1.2.17/log4j-1.2.17.jar:/Users/mithunroy/.m2/repository/com/aventstack/extentreports/5.0.9/extentreports-5.0.9.jar:/Users/mithunroy/.m2/repository/io/reactivex/rxjava3/rxjava/3.0.4/rxjava-3.0.4.jar:/Users/mithunroy/.m2/repository/org/reactivestreams/reactive-streams/1.0.3/reactive-streams-1.0.3.jar:/Users/mithunroy/.m2/repository/org/freemarker/freemarker/2.3.30/freemarker-2.3.30.jar:/Users/mithunroy/.m2/repository/com/google/code/gson/gson/2.8.6/gson-2.8.6.jar:/Users/mithunroy/.m2/repository/org/projectlombok/lombok/1.18.26/lombok-1.18.26.jar:/Users/mithunroy/.m2/repository/com/googlecode/json-simple/json-simple/1.1/json-simple-1.1.jar:"/>
    <property name="sun.cpu.endian" value="little"/>
    <property name="user.home" value="/Users/mithunroy"/>
    <property name="user.language" value="en"/>
    <property name="java.specification.vendor" value="Oracle Corporation"/>
    <property name="java.version.date" value="2022-04-22"/>
    <property name="java.home" value="/Library/Java/JavaVirtualMachines/jdk-17.0.3.1.jdk/Contents/Home"/>
    <property name="file.separator" value="/"/>
    <property name="basedir" value="/Users/mithunroy/IdeaProjects/comtestrestAssuredSL"/>
    <property name="java.vm.compressedOopsMode" value="Zero based"/>
    <property name="line.separator" value="&#10;"/>
    <property name="java.vm.specification.vendor" value="Oracle Corporation"/>
    <property name="java.specification.name" value="Java Platform API Specification"/>
    <property name="name" value="MITHUN"/>
    <property name="surefire.real.class.path" value="/Users/mithunroy/IdeaProjects/comtestrestAssuredSL/target/surefire/surefirebooter12629278233850054167.jar"/>
    <property name="AppUrlValue" value="https://httpbin.org/basic-auth/user/passwd"/>
    <property name="sun.management.compiler" value="HotSpot 64-Bit Tiered Compilers"/>
    <property name="ftp.nonProxyHosts" value="local|*.local|169.254/16|*.169.254/16"/>
    <property name="java.runtime.version" value="17.0.3.1+2-LTS-6"/>
    <property name="user.name" value="mithunroy"/>
    <property name="path.separator" value=":"/>
    <property name="os.version" value="12.6.1"/>
    <property name="java.runtime.name" value="Java(TM) SE Runtime Environment"/>
    <property name="file.encoding" value="UTF-8"/>
    <property name="java.vm.name" value="Java HotSpot(TM) 64-Bit Server VM"/>
    <property name="localRepository" value="/Users/mithunroy/.m2/repository"/>
    <property name="java.vendor.url.bug" value="https://bugreport.java.com/bugreport/"/>
    <property name="java.io.tmpdir" value="/var/folders/ns/jys6dhcd60558rlgs922l1vh0000gn/T/"/>
    <property name="java.version" value="17.0.3.1"/>
    <property name="user.dir" value="/Users/mithunroy/IdeaProjects/comtestrestAssuredSL"/>
    <property name="os.arch" value="x86_64"/>
    <property name="java.vm.specification.name" value="Java Virtual Machine Specification"/>
    <property name="native.encoding" value="UTF-8"/>
    <property name="java.library.path" value="/Users/mithunroy/Library/Java/Extensions:/Library/Java/Extensions:/Network/Library/Java/Extensions:/System/Library/Java/Extensions:/usr/lib/java:."/>
    <property name="java.vm.info" value="mixed mode, sharing"/>
    <property name="java.vendor" value="Oracle Corporation"/>
    <property name="java.vm.version" value="17.0.3.1+2-LTS-6"/>
    <property name="sun.io.unicode.encoding" value="UnicodeBig"/>
    <property name="socksNonProxyHosts" value="local|*.local|169.254/16|*.169.254/16"/>
    <property name="java.class.version" value="61.0"/>
  </properties>
  <testcase name="auth_validation" classname="rest.HomeWork1" time="36.289"/>
</testsuite>