<?xml version="1.0" encoding="UTF-8"?>
<!-- Generated by org.testng.reporters.JUnitReportReporter -->
<testsuite hostname="Mithuns-MacBook-Air-2.local" failures="0" tests="1" name="rest.HomeWork1" time="36.280" errors="0" timestamp="2023-06-20T11:45:55 IST" skipped="0">
  <testcase classname="rest.HomeWork1" name="auth_validation" time="36.280"/>
  <system-out/>
</testsuite> <!-- rest.HomeWork1 -->
