<?xml version="1.0" encoding="UTF-8"?>
<!-- Generated by org.testng.reporters.JUnitReportReporter -->
<testsuite hostname="Mithuns-MacBook-Air-2.local" failures="0" tests="6" name="soap.SoapTestScenario1" time="13.438" errors="0" timestamp="2022-08-07T22:53:57 IST" skipped="0">
  <testcase classname="soap.SoapTestScenario1" name="doGetSoapCall_1" time="0.795"/>
  <system-out/>
  <testcase classname="soap.SoapTestScenario1" name="doGetSoapCall" time="1.032"/>
  <system-out/>
  <testcase classname="soap.SoapTestScenario1" name="doGetSoapCall_2" time="0.637"/>
  <system-out/>
  <testcase classname="soap.SoapTestScenario1" name="CelsiusToFahrenheitResponse" time="10.005"/>
  <system-out/>
  <testcase classname="soap.SoapTestScenario1" name="validateWithContains_SOAP_1" time="0.479"/>
  <system-out/>
  <testcase classname="soap.SoapTestScenario1" name="validateWithContains_SOAP_2" time="0.490"/>
  <system-out/>
</testsuite> <!-- soap.SoapTestScenario1 -->
